[spark-sitecustomize] {'pid': 145, 'source_root': '/flashinfer-src', 'jit_utils_file': '/flashinfer-src/flashinfer/jit/utils.py', 'attention_modules_file': '/flashinfer-src/flashinfer/jit/attention/modules.py', 'prefill_file': '/tmp/flashinfer-python-path/flashinfer/prefill.py', 'force_prefill_module': False, 'patch_prefill_run_scale_args': True, 'dtype_map_kv_uint8': '__nv_fp4x2_e2m1', 'attention_dtype_map_kv_uint8': '__nv_fp4x2_e2m1', 'prefill_gen_batch_prefill_module': 'flashinfer.jit.attention.modules', 'jit_gen_batch_prefill_module': 'flashinfer.jit.attention.modules', 'prefill_run_scale_arg_patch': True, 'prefill_run_marker': True, 'prefill_run_has_k_sf_source': False, 'prefill_run_has_v_sf_source': False}
[spark-sitecustomize] {'pid': 170, 'source_root': '/flashinfer-src', 'jit_utils_file': '/flashinfer-src/flashinfer/jit/utils.py', 'attention_modules_file': '/flashinfer-src/flashinfer/jit/attention/modules.py', 'prefill_file': '/tmp/flashinfer-python-path/flashinfer/prefill.py', 'force_prefill_module': False, 'patch_prefill_run_scale_args': True, 'dtype_map_kv_uint8': '__nv_fp4x2_e2m1', 'attention_dtype_map_kv_uint8': '__nv_fp4x2_e2m1', 'prefill_gen_batch_prefill_module': 'flashinfer.jit.attention.modules', 'jit_gen_batch_prefill_module': 'flashinfer.jit.attention.modules', 'prefill_run_scale_arg_patch': True, 'prefill_run_marker': True, 'prefill_run_has_k_sf_source': False, 'prefill_run_has_v_sf_source': False}
/usr/local/lib/python3.12/dist-packages/torchao/quantization/quant_api.py:1674: SyntaxWarning: invalid escape sequence '\.'
  """Configuration class for applying different quantization configs to modules or parameters based on their fully qualified names (FQNs).
W0611 01:58:35.997000 170 torch/utils/_pytree.py:630] <enum 'KernelPreference'> is an Enum subclass and is now natively supported by torch.compile as an opaque value type. Calling register_constant() on Enum subclasses is deprecated and will be an error in a future release.
W0611 01:58:36.143000 170 torch/utils/_pytree.py:630] <enum 'ScaleCalculationMode'> is an Enum subclass and is now natively supported by torch.compile as an opaque value type. Calling register_constant() on Enum subclasses is deprecated and will be an error in a future release.
NVFP4 KV cache: this model ships no calibrated KV scales; auto-calibrating per-layer global scales from the first eager prefill. Disable with SGLANG_FP4_KV_AUTOCALIB=0.
[flashinfer][prefill-debug] call_id=1 module_uri= module_key=backend=;uri=;dtype_q=nv_bfloat16;dtype_kv=__nv_fp4x2_e2m1;dtype_o=nv_bfloat16;idtype=int32_t;head_dim_qk=512;head_dim_vo=256;posenc=PosEncodingMode::kNone;swa=false;logits_cap=false;fp16_qk=false;fp4_kv=1;additional_tensors=;additional_tensor_dtypes=;additional_scalars=;additional_scalar_dtypes= path=paged compiled={dtype_q=nv_bfloat16,dtype_kv=__nv_fp4x2_e2m1,dtype_o=nv_bfloat16,idtype=int32_t,head_dim_qk=512,head_dim_vo=256,require_fp4_kv=1,use_swa=0,use_logits_cap=0,posenc=0,use_fp16_qk_reduction=0,sizeof_q=2,sizeof_kv=1,sizeof_o=2,sizeof_id=4,is_kv_fp4x2=1,additional_tensors=,additional_tensor_dtypes=,additional_scalars=,additional_scalar_dtypes=} runtime={layout=0,window_left=-1,batch_size=1,num_qo_heads=32,num_kv_heads=16,page_size=1,split_kv=1,cta_tile_q=64,enable_cuda_graph=0,padded_batch_size=3,total_num_rows=16}
[flashinfer][prefill-debug] tensors call_id=1 module_uri= module_key=backend=;uri=;dtype_q=nv_bfloat16;dtype_kv=__nv_fp4x2_e2m1;dtype_o=nv_bfloat16;idtype=int32_t;head_dim_qk=512;head_dim_vo=256;posenc=PosEncodingMode::kNone;swa=false;logits_cap=false;fp16_qk=false;fp4_kv=1;additional_tensors=;additional_tensor_dtypes=;additional_scalars=;additional_scalar_dtypes= path=paged float_workspace={ptr=0xe02360000000,device=0,ndim=1,shape=[268435456],stride=[1],_dtype={code=1,bits=8,lanes=1} } int_workspace={ptr=0x33a200000,device=0,ndim=1,shape=[8388608],stride=[1],_dtype={code=1,bits=8,lanes=1} } q={ptr=0x3396e4400,device=0,ndim=3,shape=[16,32,512],stride=[16384,512,1],_dtype={code=4,bits=16,lanes=1} } paged_k_cache={ptr=0x32ee00000,device=0,ndim=4,shape=[393,1,16,256],stride=[4096,4096,256,1],_dtype={code=1,bits=8,lanes=1} } paged_v_cache={ptr=0x32ef89000,device=0,ndim=4,shape=[393,1,16,128],stride=[4096,4096,256,1],_dtype={code=1,bits=8,lanes=1} } qo_indptr={ptr=0x339664400,device=0,ndim=1,shape=[2],stride=[1],_dtype={code=0,bits=32,lanes=1} } paged_kv_indptr={ptr=0x339664600,device=0,ndim=1,shape=[2],stride=[1],_dtype={code=0,bits=32,lanes=1} } paged_kv_indices={ptr=0x339664800,device=0,ndim=1,shape=[384],stride=[1],_dtype={code=0,bits=32,lanes=1} } paged_kv_last_page_len={ptr=0x339664e00,device=0,ndim=1,shape=[1],stride=[1],_dtype={code=0,bits=32,lanes=1} } o={ptr=0x339685800,device=0,ndim=3,shape=[16,32,256],stride=[8192,256,1],_dtype={code=4,bits=16,lanes=1} } maybe_lse={ptr=0x339685000,device=0,ndim=2,shape=[16,32],stride=[32,1],_dtype={code=2,bits=32,lanes=1} } 
Traceback (most recent call last):
  File "/work/scripts/sglang_fp4_kv_writer_roundtrip_probe.py", line 383, in <module>
    main()
  File "/work/scripts/sglang_fp4_kv_writer_roundtrip_probe.py", line 310, in main
    run_case(
  File "/work/scripts/sglang_fp4_kv_writer_roundtrip_probe.py", line 195, in run_case
    ref, ref_lse = flashinfer.prefill.single_prefill_with_kv_cache(
                   ^^^^^^^^^^^^^^^^^^^^^^^^^^^^^^^^^^^^^^^^^^^^^^^^
  File "/tmp/flashinfer-python-path/flashinfer/api_logging.py", line 2333, in _auto_dump_wrapper
    return _inner(*args, **kwargs)
           ^^^^^^^^^^^^^^^^^^^^^^^
  File "/tmp/flashinfer-python-path/flashinfer/prefill.py", line 1390, in single_prefill_with_kv_cache
    module.run(
  File "/tmp/flashinfer-python-path/flashinfer/prefill.py", line 390, in run_single_prefill
    run_func(
  File "python/tvm_ffi/cython/function.pxi", line 923, in tvm_ffi.core.Function.__call__
RuntimeError: Error in function 'SinglePrefillWithKVCacheDispatched' at /flashinfer-src/include/flashinfer/attention/prefill.cuh:2050: FlashInfer Internal Error: Invalid configuration : NUM_MMA_Q=1 NUM_MMA_D_QK=32 NUM_MMA_D_VO=32 NUM_MMA_KV=1 NUM_WARPS_Q=4 NUM_WARPS_KV=1 please create an issue (https://github.com/flashinfer-ai/flashinfer/issues) and report the issue to the developers.
