x64 runner smoke	Set up job	﻿2026-06-12T00:15:02.4325009Z Current runner version: '2.335.1'
x64 runner smoke	Set up job	2026-06-12T00:15:02.4329006Z Runner name: 'gr549krf2h8j6qp0g06ztgh10a'
x64 runner smoke	Set up job	2026-06-12T00:15:02.4329523Z Runner group name: 'Default'
x64 runner smoke	Set up job	2026-06-12T00:15:02.4330053Z Machine name: 'vmq7tn97'
x64 runner smoke	Set up job	2026-06-12T00:15:02.4340394Z ##[group]Operating System
x64 runner smoke	Set up job	2026-06-12T00:15:02.4340853Z Ubuntu
x64 runner smoke	Set up job	2026-06-12T00:15:02.4341181Z 24.04.4
x64 runner smoke	Set up job	2026-06-12T00:15:02.4341545Z LTS
x64 runner smoke	Set up job	2026-06-12T00:15:02.4341848Z ##[endgroup]
x64 runner smoke	Set up job	2026-06-12T00:15:02.4342186Z ##[group]Runner Image
x64 runner smoke	Set up job	2026-06-12T00:15:02.4342543Z Image: ubuntu-24.04
x64 runner smoke	Set up job	2026-06-12T00:15:02.4342873Z Version: 20260609.1.0
x64 runner smoke	Set up job	2026-06-12T00:15:02.4343530Z Included Software: https://github.com/ubicloud/runner-images/blob/ubuntu24/20260609.1/images/ubuntu/Ubuntu2404-Readme.md
x64 runner smoke	Set up job	2026-06-12T00:15:02.4344343Z Image Release: https://github.com/ubicloud/runner-images/releases/tag/ubuntu24%2F20260609.1
x64 runner smoke	Set up job	2026-06-12T00:15:02.4344881Z ##[endgroup]
x64 runner smoke	Set up job	2026-06-12T00:15:02.4345242Z ##[group]Ubicloud Managed Runner
x64 runner smoke	Set up job	2026-06-12T00:15:02.4345625Z Name: gr549krf2h8j6qp0g06ztgh10a
x64 runner smoke	Set up job	2026-06-12T00:15:02.4346305Z Label: ubicloud-standard-8
x64 runner smoke	Set up job	2026-06-12T00:15:02.4346649Z VM Family: premium
x64 runner smoke	Set up job	2026-06-12T00:15:02.4347009Z Arch: x64
x64 runner smoke	Set up job	2026-06-12T00:15:02.4347334Z Image: github-ubuntu-2404
x64 runner smoke	Set up job	2026-06-12T00:15:02.4347733Z VM Host: vh2wtcecbdqe4m8vaxyy3sgn05
x64 runner smoke	Set up job	2026-06-12T00:15:02.4348114Z VM Pool: 
x64 runner smoke	Set up job	2026-06-12T00:15:02.4348436Z Location: github-runners
x64 runner smoke	Set up job	2026-06-12T00:15:02.4348833Z Datacenter: FSN1-DC24
x64 runner smoke	Set up job	2026-06-12T00:15:02.4349191Z Project: pjtrzmhj7gq63p5c9kcnpqwd06
x64 runner smoke	Set up job	2026-06-12T00:15:02.4349752Z Console URL: https://console.ubicloud.com/project/pjtrzmhj7gq63p5c9kcnpqwd06/github
x64 runner smoke	Set up job	2026-06-12T00:15:02.4350347Z ##[endgroup]
x64 runner smoke	Set up job	2026-06-12T00:15:02.4350939Z ##[group]GITHUB_TOKEN Permissions
x64 runner smoke	Set up job	2026-06-12T00:15:02.4352042Z Contents: read
x64 runner smoke	Set up job	2026-06-12T00:15:02.4352416Z Metadata: read
x64 runner smoke	Set up job	2026-06-12T00:15:02.4352788Z ##[endgroup]
x64 runner smoke	Set up job	2026-06-12T00:15:02.4353897Z Secret source: Actions
x64 runner smoke	Set up job	2026-06-12T00:15:02.4354492Z Prepare workflow directory
x64 runner smoke	Set up job	2026-06-12T00:15:02.4536104Z Prepare all required actions
x64 runner smoke	Set up job	2026-06-12T00:15:02.4557091Z Getting action download info
x64 runner smoke	Set up job	2026-06-12T00:15:03.0293762Z Download action repository 'actions/checkout@v4' (SHA:34e114876b0b11c390a56381ad16ebd13914f8d5)
x64 runner smoke	Set up job	2026-06-12T00:15:03.1327210Z Complete job name: x64 runner smoke
x64 runner smoke	Set up runner	﻿2026-06-12T00:15:03.1642839Z A job started hook has been configured by the self-hosted runner administrator
x64 runner smoke	Set up runner	2026-06-12T00:15:03.1791143Z ##[group]Run '/home/runner/actions-runner/start-hook.sh'
x64 runner smoke	Set up runner	2026-06-12T00:15:03.1811430Z shell: /usr/bin/bash --noprofile --norc -e -o pipefail {0}
x64 runner smoke	Set up runner	2026-06-12T00:15:03.1812120Z ##[endgroup]
x64 runner smoke	Run actions/checkout@v4	﻿2026-06-12T00:15:03.2114111Z ##[group]Run actions/checkout@v4
x64 runner smoke	Run actions/checkout@v4	2026-06-12T00:15:03.2114599Z with:
x64 runner smoke	Run actions/checkout@v4	2026-06-12T00:15:03.2114971Z   repository: jethac/dgx-spark-hijinks
x64 runner smoke	Run actions/checkout@v4	2026-06-12T00:15:03.2118404Z   token: ***
x64 runner smoke	Run actions/checkout@v4	2026-06-12T00:15:03.2118846Z   ssh-strict: true
x64 runner smoke	Run actions/checkout@v4	2026-06-12T00:15:03.2119201Z   ssh-user: git
x64 runner smoke	Run actions/checkout@v4	2026-06-12T00:15:03.2119574Z   persist-credentials: true
x64 runner smoke	Run actions/checkout@v4	2026-06-12T00:15:03.2119967Z   clean: true
x64 runner smoke	Run actions/checkout@v4	2026-06-12T00:15:03.2120373Z   sparse-checkout-cone-mode: true
x64 runner smoke	Run actions/checkout@v4	2026-06-12T00:15:03.2120832Z   fetch-depth: 1
x64 runner smoke	Run actions/checkout@v4	2026-06-12T00:15:03.2121197Z   fetch-tags: false
x64 runner smoke	Run actions/checkout@v4	2026-06-12T00:15:03.2121538Z   show-progress: true
x64 runner smoke	Run actions/checkout@v4	2026-06-12T00:15:03.2121926Z   lfs: false
x64 runner smoke	Run actions/checkout@v4	2026-06-12T00:15:03.2122255Z   submodules: false
x64 runner smoke	Run actions/checkout@v4	2026-06-12T00:15:03.2122642Z   set-safe-directory: true
x64 runner smoke	Run actions/checkout@v4	2026-06-12T00:15:03.2123036Z ##[endgroup]
x64 runner smoke	Run actions/checkout@v4	2026-06-12T00:15:03.4029607Z Syncing repository: jethac/dgx-spark-hijinks
x64 runner smoke	Run actions/checkout@v4	2026-06-12T00:15:03.4030970Z ##[group]Getting Git version info
x64 runner smoke	Run actions/checkout@v4	2026-06-12T00:15:03.4031582Z Working directory is '/home/runner/work/dgx-spark-hijinks/dgx-spark-hijinks'
x64 runner smoke	Run actions/checkout@v4	2026-06-12T00:15:03.4032534Z [command]/usr/bin/git version
x64 runner smoke	Run actions/checkout@v4	2026-06-12T00:15:03.4178402Z git version 2.54.0
x64 runner smoke	Run actions/checkout@v4	2026-06-12T00:15:03.4193066Z ##[endgroup]
x64 runner smoke	Run actions/checkout@v4	2026-06-12T00:15:03.4201874Z Temporarily overriding HOME='/home/runner/work/_temp/d81cdd03-008d-47eb-b4b6-e1472c426607' before making global git config changes
x64 runner smoke	Run actions/checkout@v4	2026-06-12T00:15:03.4202894Z Adding repository directory to the temporary git global config as a safe directory
x64 runner smoke	Run actions/checkout@v4	2026-06-12T00:15:03.4208754Z [command]/usr/bin/git config --global --add safe.directory /home/runner/work/dgx-spark-hijinks/dgx-spark-hijinks
x64 runner smoke	Run actions/checkout@v4	2026-06-12T00:15:03.4233443Z Deleting the contents of '/home/runner/work/dgx-spark-hijinks/dgx-spark-hijinks'
x64 runner smoke	Run actions/checkout@v4	2026-06-12T00:15:03.4236111Z ##[group]Initializing the repository
x64 runner smoke	Run actions/checkout@v4	2026-06-12T00:15:03.4238527Z [command]/usr/bin/git init /home/runner/work/dgx-spark-hijinks/dgx-spark-hijinks
x64 runner smoke	Run actions/checkout@v4	2026-06-12T00:15:03.4290481Z hint: Using 'master' as the name for the initial branch. This default branch name
x64 runner smoke	Run actions/checkout@v4	2026-06-12T00:15:03.4291177Z hint: will change to "main" in Git 3.0. To configure the initial branch name
x64 runner smoke	Run actions/checkout@v4	2026-06-12T00:15:03.4291887Z hint: to use in all of your new repositories, which will suppress this warning,
x64 runner smoke	Run actions/checkout@v4	2026-06-12T00:15:03.4292465Z hint: call:
x64 runner smoke	Run actions/checkout@v4	2026-06-12T00:15:03.4292793Z hint:
x64 runner smoke	Run actions/checkout@v4	2026-06-12T00:15:03.4293210Z hint: 	git config --global init.defaultBranch <name>
x64 runner smoke	Run actions/checkout@v4	2026-06-12T00:15:03.4293673Z hint:
x64 runner smoke	Run actions/checkout@v4	2026-06-12T00:15:03.4294168Z hint: Names commonly chosen instead of 'master' are 'main', 'trunk' and
x64 runner smoke	Run actions/checkout@v4	2026-06-12T00:15:03.4294871Z hint: 'development'. The just-created branch can be renamed via this command:
x64 runner smoke	Run actions/checkout@v4	2026-06-12T00:15:03.4295424Z hint:
x64 runner smoke	Run actions/checkout@v4	2026-06-12T00:15:03.4295798Z hint: 	git branch -m <name>
x64 runner smoke	Run actions/checkout@v4	2026-06-12T00:15:03.4296314Z hint:
x64 runner smoke	Run actions/checkout@v4	2026-06-12T00:15:03.4296782Z hint: Disable this message with "git config set advice.defaultBranchName false"
x64 runner smoke	Run actions/checkout@v4	2026-06-12T00:15:03.4297618Z Initialized empty Git repository in /home/runner/work/dgx-spark-hijinks/dgx-spark-hijinks/.git/
x64 runner smoke	Run actions/checkout@v4	2026-06-12T00:15:03.4298871Z [command]/usr/bin/git remote add origin https://github.com/jethac/dgx-spark-hijinks
x64 runner smoke	Run actions/checkout@v4	2026-06-12T00:15:03.4321374Z ##[endgroup]
x64 runner smoke	Run actions/checkout@v4	2026-06-12T00:15:03.4322015Z ##[group]Disabling automatic garbage collection
x64 runner smoke	Run actions/checkout@v4	2026-06-12T00:15:03.4324793Z [command]/usr/bin/git config --local gc.auto 0
x64 runner smoke	Run actions/checkout@v4	2026-06-12T00:15:03.4342868Z ##[endgroup]
x64 runner smoke	Run actions/checkout@v4	2026-06-12T00:15:03.4343423Z ##[group]Setting up auth
x64 runner smoke	Run actions/checkout@v4	2026-06-12T00:15:03.4346432Z [command]/usr/bin/git config --local --name-only --get-regexp core\.sshCommand
x64 runner smoke	Run actions/checkout@v4	2026-06-12T00:15:03.4364967Z [command]/usr/bin/git submodule foreach --recursive sh -c "git config --local --name-only --get-regexp 'core\.sshCommand' && git config --local --unset-all 'core.sshCommand' || :"
x64 runner smoke	Run actions/checkout@v4	2026-06-12T00:15:03.4645563Z [command]/usr/bin/git config --local --name-only --get-regexp http\.https\:\/\/github\.com\/\.extraheader
x64 runner smoke	Run actions/checkout@v4	2026-06-12T00:15:03.4662465Z [command]/usr/bin/git submodule foreach --recursive sh -c "git config --local --name-only --get-regexp 'http\.https\:\/\/github\.com\/\.extraheader' && git config --local --unset-all 'http.https://github.com/.extraheader' || :"
x64 runner smoke	Run actions/checkout@v4	2026-06-12T00:15:03.4811424Z [command]/usr/bin/git config --local --name-only --get-regexp ^includeIf\.gitdir:
x64 runner smoke	Run actions/checkout@v4	2026-06-12T00:15:03.4830699Z [command]/usr/bin/git submodule foreach --recursive git config --local --show-origin --name-only --get-regexp remote.origin.url
x64 runner smoke	Run actions/checkout@v4	2026-06-12T00:15:03.4985645Z [command]/usr/bin/git config --local http.https://github.com/.extraheader AUTHORIZATION: basic ***
x64 runner smoke	Run actions/checkout@v4	2026-06-12T00:15:03.5034837Z ##[endgroup]
x64 runner smoke	Run actions/checkout@v4	2026-06-12T00:15:03.5035516Z ##[group]Fetching the repository
x64 runner smoke	Run actions/checkout@v4	2026-06-12T00:15:03.5039205Z [command]/usr/bin/git -c protocol.version=2 fetch --no-tags --prune --no-recurse-submodules --depth=1 origin +96b709c371c4f7ad189ae45294c56591f9cf8820:refs/remotes/origin/epoch2
x64 runner smoke	Run actions/checkout@v4	2026-06-12T00:15:04.5916461Z From https://github.com/jethac/dgx-spark-hijinks
x64 runner smoke	Run actions/checkout@v4	2026-06-12T00:15:04.5917778Z  * [new ref]         96b709c371c4f7ad189ae45294c56591f9cf8820 -> origin/epoch2
x64 runner smoke	Run actions/checkout@v4	2026-06-12T00:15:04.5935792Z ##[endgroup]
x64 runner smoke	Run actions/checkout@v4	2026-06-12T00:15:04.5936916Z ##[group]Determining the checkout info
x64 runner smoke	Run actions/checkout@v4	2026-06-12T00:15:04.5938132Z ##[endgroup]
x64 runner smoke	Run actions/checkout@v4	2026-06-12T00:15:04.5939834Z [command]/usr/bin/git sparse-checkout disable
x64 runner smoke	Run actions/checkout@v4	2026-06-12T00:15:04.5988104Z [command]/usr/bin/git config --local --unset-all extensions.worktreeConfig
x64 runner smoke	Run actions/checkout@v4	2026-06-12T00:15:04.6003918Z ##[group]Checking out the ref
x64 runner smoke	Run actions/checkout@v4	2026-06-12T00:15:04.6005597Z [command]/usr/bin/git checkout --progress --force -B epoch2 refs/remotes/origin/epoch2
x64 runner smoke	Run actions/checkout@v4	2026-06-12T00:15:04.7706894Z Switched to a new branch 'epoch2'
x64 runner smoke	Run actions/checkout@v4	2026-06-12T00:15:04.7708449Z branch 'epoch2' set up to track 'origin/epoch2'.
x64 runner smoke	Run actions/checkout@v4	2026-06-12T00:15:04.7724737Z ##[endgroup]
x64 runner smoke	Run actions/checkout@v4	2026-06-12T00:15:04.7749904Z [command]/usr/bin/git log -1 --format=%H
x64 runner smoke	Run actions/checkout@v4	2026-06-12T00:15:04.7768151Z 96b709c371c4f7ad189ae45294c56591f9cf8820
x64 runner smoke	Runner inventory	﻿2026-06-12T00:15:04.7881905Z ##[group]Run set -euxo pipefail
x64 runner smoke	Runner inventory	2026-06-12T00:15:04.7882735Z ^[[36;1mset -euxo pipefail^[[0m
x64 runner smoke	Runner inventory	2026-06-12T00:15:04.7883552Z ^[[36;1muname -a^[[0m
x64 runner smoke	Runner inventory	2026-06-12T00:15:04.7884225Z ^[[36;1mlscpu | sed -n '1,20p'^[[0m
x64 runner smoke	Runner inventory	2026-06-12T00:15:04.7885015Z ^[[36;1mnproc^[[0m
x64 runner smoke	Runner inventory	2026-06-12T00:15:04.7885655Z ^[[36;1mfree -h^[[0m
x64 runner smoke	Runner inventory	2026-06-12T00:15:04.7886425Z ^[[36;1mdf -h /^[[0m
x64 runner smoke	Runner inventory	2026-06-12T00:15:04.7909392Z shell: /usr/bin/bash -e {0}
x64 runner smoke	Runner inventory	2026-06-12T00:15:04.7910182Z ##[endgroup]
x64 runner smoke	Runner inventory	2026-06-12T00:15:04.7953149Z + uname -a
x64 runner smoke	Runner inventory	2026-06-12T00:15:04.7960550Z Linux vmq7tn97 6.14.0-1017-azure #17~24.04.1-Ubuntu SMP Mon Dec  1 20:10:50 UTC 2025 x86_64 x86_64 x86_64 GNU/Linux
x64 runner smoke	Runner inventory	2026-06-12T00:15:04.7962626Z + lscpu
x64 runner smoke	Runner inventory	2026-06-12T00:15:04.7963555Z + sed -n 1,20p
x64 runner smoke	Runner inventory	2026-06-12T00:15:04.8004864Z Architecture:                            x86_64
x64 runner smoke	Runner inventory	2026-06-12T00:15:04.8006124Z + nproc
x64 runner smoke	Runner inventory	2026-06-12T00:15:04.8007738Z CPU op-mode(s):                          32-bit, 64-bit
x64 runner smoke	Runner inventory	2026-06-12T00:15:04.8008869Z Address sizes:                           46 bits physical, 48 bits virtual
x64 runner smoke	Runner inventory	2026-06-12T00:15:04.8010258Z Byte Order:                              Little Endian
x64 runner smoke	Runner inventory	2026-06-12T00:15:04.8011779Z CPU(s):                                  8
x64 runner smoke	Runner inventory	2026-06-12T00:15:04.8012531Z On-line CPU(s) list:                     0-7
x64 runner smoke	Runner inventory	2026-06-12T00:15:04.8013436Z Vendor ID:                               AuthenticAMD
x64 runner smoke	Runner inventory	2026-06-12T00:15:04.8014346Z Model name:                              AMD Ryzen 9 7950X3D 16-Core Processor
x64 runner smoke	Runner inventory	2026-06-12T00:15:04.8015253Z CPU family:                              25
x64 runner smoke	Runner inventory	2026-06-12T00:15:04.8016099Z Model:                                   97
x64 runner smoke	Runner inventory	2026-06-12T00:15:04.8016848Z Thread(s) per core:                      2
x64 runner smoke	Runner inventory	2026-06-12T00:15:04.8017637Z Core(s) per socket:                      4
x64 runner smoke	Runner inventory	2026-06-12T00:15:04.8018370Z Socket(s):                               1
x64 runner smoke	Runner inventory	2026-06-12T00:15:04.8019083Z Stepping:                                2
x64 runner smoke	Runner inventory	2026-06-12T00:15:04.8019889Z BogoMIPS:                                8384.20
x64 runner smoke	Runner inventory	2026-06-12T00:15:04.8027662Z Flags:                                   fpu vme de pse tsc msr pae mce cx8 apic sep mtrr pge mca cmov pat pse36 clflush mmx fxsr sse sse2 ht syscall nx mmxext fxsr_opt pdpe1gb rdtscp lm constant_tsc rep_good nopl xtopology nonstop_tsc cpuid extd_apicid tsc_known_freq pni pclmulqdq ssse3 fma cx16 sse4_1 sse4_2 x2apic movbe popcnt tsc_deadline_timer aes xsave avx f16c rdrand hypervisor lahf_lm cmp_legacy svm cr8_legacy abm sse4a misalignsse 3dnowprefetch osvw topoext perfctr_core ssbd perfmon_v2 ibrs ibpb stibp ibrs_enhanced vmmcall fsgsbase tsc_adjust bmi1 avx2 smep bmi2 erms invpcid avx512f avx512dq rdseed adx smap avx512ifma clflushopt clwb avx512cd sha_ni avx512bw avx512vl xsaveopt xsavec xgetbv1 xsaves avx512_bf16 clzero xsaveerptr wbnoinvd arat npt lbrv nrip_save tsc_scale vmcb_clean flushbyasid pausefilter pfthreshold vgif vnmi avx512vbmi umip pku ospke avx512_vbmi2 gfni vaes vpclmulqdq avx512_vnni avx512_bitalg avx512_vpopcntdq rdpid fsrm flush_l1d arch_capabilities
x64 runner smoke	Runner inventory	2026-06-12T00:15:04.8035506Z Virtualization:                          AMD-V
x64 runner smoke	Runner inventory	2026-06-12T00:15:04.8036406Z Hypervisor vendor:                       KVM
x64 runner smoke	Runner inventory	2026-06-12T00:15:04.8037210Z Virtualization type:                     full
x64 runner smoke	Runner inventory	2026-06-12T00:15:04.8038062Z L1d cache:                               128 KiB (4 instances)
x64 runner smoke	Runner inventory	2026-06-12T00:15:04.8038875Z + free -h
x64 runner smoke	Runner inventory	2026-06-12T00:15:04.8039440Z + df -h /
x64 runner smoke	Runner inventory	2026-06-12T00:15:04.8039945Z 8
x64 runner smoke	Runner inventory	2026-06-12T00:15:04.8040656Z                total        used        free      shared  buff/cache   available
x64 runner smoke	Runner inventory	2026-06-12T00:15:04.8041715Z Mem:            31Gi       902Mi        30Gi        43Mi       814Mi        30Gi
x64 runner smoke	Runner inventory	2026-06-12T00:15:04.8042617Z Swap:          4.0Gi          0B       4.0Gi
x64 runner smoke	Runner inventory	2026-06-12T00:15:04.8043454Z Filesystem      Size  Used Avail Use% Mounted on
x64 runner smoke	Runner inventory	2026-06-12T00:15:04.8044878Z /dev/vda1       193G   59G  135G  31% /
x64 runner smoke	Post Run actions/checkout@v4	﻿2026-06-12T00:15:04.8184650Z Post job cleanup.
x64 runner smoke	Post Run actions/checkout@v4	2026-06-12T00:15:04.8742624Z [command]/usr/bin/git version
x64 runner smoke	Post Run actions/checkout@v4	2026-06-12T00:15:04.8764437Z git version 2.54.0
x64 runner smoke	Post Run actions/checkout@v4	2026-06-12T00:15:04.8786429Z Temporarily overriding HOME='/home/runner/work/_temp/672edfc7-559b-4216-8f04-d8767ab5ecec' before making global git config changes
x64 runner smoke	Post Run actions/checkout@v4	2026-06-12T00:15:04.8788407Z Adding repository directory to the temporary git global config as a safe directory
x64 runner smoke	Post Run actions/checkout@v4	2026-06-12T00:15:04.8790119Z [command]/usr/bin/git config --global --add safe.directory /home/runner/work/dgx-spark-hijinks/dgx-spark-hijinks
x64 runner smoke	Post Run actions/checkout@v4	2026-06-12T00:15:04.8809482Z [command]/usr/bin/git config --local --name-only --get-regexp core\.sshCommand
x64 runner smoke	Post Run actions/checkout@v4	2026-06-12T00:15:04.8832411Z [command]/usr/bin/git submodule foreach --recursive sh -c "git config --local --name-only --get-regexp 'core\.sshCommand' && git config --local --unset-all 'core.sshCommand' || :"
x64 runner smoke	Post Run actions/checkout@v4	2026-06-12T00:15:04.8993831Z [command]/usr/bin/git config --local --name-only --get-regexp http\.https\:\/\/github\.com\/\.extraheader
x64 runner smoke	Post Run actions/checkout@v4	2026-06-12T00:15:04.9009966Z http.https://github.com/.extraheader
x64 runner smoke	Post Run actions/checkout@v4	2026-06-12T00:15:04.9017834Z [command]/usr/bin/git config --local --unset-all http.https://github.com/.extraheader
x64 runner smoke	Post Run actions/checkout@v4	2026-06-12T00:15:04.9039927Z [command]/usr/bin/git submodule foreach --recursive sh -c "git config --local --name-only --get-regexp 'http\.https\:\/\/github\.com\/\.extraheader' && git config --local --unset-all 'http.https://github.com/.extraheader' || :"
x64 runner smoke	Post Run actions/checkout@v4	2026-06-12T00:15:04.9190340Z [command]/usr/bin/git config --local --name-only --get-regexp ^includeIf\.gitdir:
x64 runner smoke	Post Run actions/checkout@v4	2026-06-12T00:15:04.9211098Z [command]/usr/bin/git submodule foreach --recursive git config --local --show-origin --name-only --get-regexp remote.origin.url
x64 runner smoke	Complete runner	﻿2026-06-12T00:15:04.9423320Z A job completed hook has been configured by the self-hosted runner administrator
x64 runner smoke	Complete runner	2026-06-12T00:15:04.9458383Z ##[group]Run '/home/runner/actions-runner/complete-hook.sh'
x64 runner smoke	Complete runner	2026-06-12T00:15:04.9476207Z shell: /usr/bin/bash --noprofile --norc -e -o pipefail {0}
x64 runner smoke	Complete runner	2026-06-12T00:15:04.9477081Z ##[endgroup]
x64 runner smoke	Complete job	﻿2026-06-12T00:15:04.9561704Z Cleaning up orphan processes
x64 runner smoke	Complete job	2026-06-12T00:15:05.0053129Z ##[warning]Node.js 20 actions are deprecated. The following actions are running on Node.js 20 and may not work as expected: actions/checkout@v4. Actions will be forced to run with Node.js 24 by default starting June 16th, 2026. Node.js 20 will be removed from the runner on September 16th, 2026. Please check if updated versions of these actions are available that support Node.js 24. To opt into Node.js 24 now, set the FORCE_JAVASCRIPT_ACTIONS_TO_NODE24=true environment variable on the runner or in your workflow file. Once Node.js 24 becomes the default, you can temporarily opt out by setting ACTIONS_ALLOW_USE_UNSECURE_NODE_VERSION=true. For more information see: https://github.blog/changelog/2025-09-19-deprecation-of-node-20-on-github-actions-runners/
arm64 runner smoke	Set up job	﻿2026-06-12T00:15:11.0404073Z Current runner version: '2.334.0'
arm64 runner smoke	Set up job	2026-06-12T00:15:11.0414308Z Runner name: 'gr8n5vjbxna21mr3zesahexk07'
arm64 runner smoke	Set up job	2026-06-12T00:15:11.0415828Z Runner group name: 'Default'
arm64 runner smoke	Set up job	2026-06-12T00:15:11.0417273Z Machine name: 'vmdjfbnq'
arm64 runner smoke	Set up job	2026-06-12T00:15:11.0441858Z ##[group]Operating System
arm64 runner smoke	Set up job	2026-06-12T00:15:11.0442781Z Ubuntu
arm64 runner smoke	Set up job	2026-06-12T00:15:11.0443409Z 24.04.4
arm64 runner smoke	Set up job	2026-06-12T00:15:11.0444026Z LTS
arm64 runner smoke	Set up job	2026-06-12T00:15:11.0444655Z ##[endgroup]
arm64 runner smoke	Set up job	2026-06-12T00:15:11.0445499Z ##[group]Runner Image
arm64 runner smoke	Set up job	2026-06-12T00:15:11.0446262Z Image: ubuntu-24.04
arm64 runner smoke	Set up job	2026-06-12T00:15:11.0447158Z Version: 20260508.1.0
arm64 runner smoke	Set up job	2026-06-12T00:15:11.0448668Z Included Software: https://github.com/ubicloud/runner-images/blob/ubuntu24/20260508.1/images/ubuntu/Ubuntu2404-arm64-Readme.md
arm64 runner smoke	Set up job	2026-06-12T00:15:11.0450720Z Image Release: https://github.com/ubicloud/runner-images/releases/tag/ubuntu24%2F20260508.1
arm64 runner smoke	Set up job	2026-06-12T00:15:11.0452034Z ##[endgroup]
arm64 runner smoke	Set up job	2026-06-12T00:15:11.0452740Z ##[group]Ubicloud Managed Runner
arm64 runner smoke	Set up job	2026-06-12T00:15:11.0453581Z Name: gr8n5vjbxna21mr3zesahexk07
arm64 runner smoke	Set up job	2026-06-12T00:15:11.0454631Z Label: ubicloud-standard-8-arm
arm64 runner smoke	Set up job	2026-06-12T00:15:11.0455546Z VM Family: standard
arm64 runner smoke	Set up job	2026-06-12T00:15:11.0456241Z Arch: arm64
arm64 runner smoke	Set up job	2026-06-12T00:15:11.0457180Z Image: github-ubuntu-2404
arm64 runner smoke	Set up job	2026-06-12T00:15:11.0457986Z VM Host: vhektnwr4cqp7kjcfcptqtg4st
arm64 runner smoke	Set up job	2026-06-12T00:15:11.0458812Z VM Pool: 
arm64 runner smoke	Set up job	2026-06-12T00:15:11.0459479Z Location: github-runners
arm64 runner smoke	Set up job	2026-06-12T00:15:11.0460230Z Datacenter: FSN1-DC22
arm64 runner smoke	Set up job	2026-06-12T00:15:11.0460981Z Project: pjtrzmhj7gq63p5c9kcnpqwd06
arm64 runner smoke	Set up job	2026-06-12T00:15:11.0462187Z Console URL: https://console.ubicloud.com/project/pjtrzmhj7gq63p5c9kcnpqwd06/github
arm64 runner smoke	Set up job	2026-06-12T00:15:11.0463419Z ##[endgroup]
arm64 runner smoke	Set up job	2026-06-12T00:15:11.0465146Z ##[group]GITHUB_TOKEN Permissions
arm64 runner smoke	Set up job	2026-06-12T00:15:11.0468255Z Contents: read
arm64 runner smoke	Set up job	2026-06-12T00:15:11.0468987Z Metadata: read
arm64 runner smoke	Set up job	2026-06-12T00:15:11.0469646Z ##[endgroup]
arm64 runner smoke	Set up job	2026-06-12T00:15:11.0472986Z Secret source: Actions
arm64 runner smoke	Set up job	2026-06-12T00:15:11.0474085Z Prepare workflow directory
arm64 runner smoke	Set up job	2026-06-12T00:15:11.0940162Z Prepare all required actions
arm64 runner smoke	Set up job	2026-06-12T00:15:11.0993360Z Getting action download info
arm64 runner smoke	Set up job	2026-06-12T00:15:11.6667936Z Download action repository 'actions/checkout@v4' (SHA:34e114876b0b11c390a56381ad16ebd13914f8d5)
arm64 runner smoke	Set up job	2026-06-12T00:15:11.9378540Z Complete job name: arm64 runner smoke
arm64 runner smoke	Set up runner	﻿2026-06-12T00:15:12.0119213Z A job started hook has been configured by the self-hosted runner administrator
arm64 runner smoke	Set up runner	2026-06-12T00:15:12.0381324Z ##[group]Run '/home/runner/actions-runner/start-hook.sh'
arm64 runner smoke	Set up runner	2026-06-12T00:15:12.0451276Z shell: /usr/bin/bash --noprofile --norc -e -o pipefail {0}
arm64 runner smoke	Set up runner	2026-06-12T00:15:12.0452766Z ##[endgroup]
arm64 runner smoke	Run actions/checkout@v4	﻿2026-06-12T00:15:12.1249929Z ##[group]Run actions/checkout@v4
arm64 runner smoke	Run actions/checkout@v4	2026-06-12T00:15:12.1250834Z with:
arm64 runner smoke	Run actions/checkout@v4	2026-06-12T00:15:12.1251495Z   repository: jethac/dgx-spark-hijinks
arm64 runner smoke	Run actions/checkout@v4	2026-06-12T00:15:12.1259018Z   token: ***
arm64 runner smoke	Run actions/checkout@v4	2026-06-12T00:15:12.1259689Z   ssh-strict: true
arm64 runner smoke	Run actions/checkout@v4	2026-06-12T00:15:12.1260358Z   ssh-user: git
arm64 runner smoke	Run actions/checkout@v4	2026-06-12T00:15:12.1261022Z   persist-credentials: true
arm64 runner smoke	Run actions/checkout@v4	2026-06-12T00:15:12.1261752Z   clean: true
arm64 runner smoke	Run actions/checkout@v4	2026-06-12T00:15:12.1262414Z   sparse-checkout-cone-mode: true
arm64 runner smoke	Run actions/checkout@v4	2026-06-12T00:15:12.1263260Z   fetch-depth: 1
arm64 runner smoke	Run actions/checkout@v4	2026-06-12T00:15:12.1263924Z   fetch-tags: false
arm64 runner smoke	Run actions/checkout@v4	2026-06-12T00:15:12.1264606Z   show-progress: true
arm64 runner smoke	Run actions/checkout@v4	2026-06-12T00:15:12.1265584Z   lfs: false
arm64 runner smoke	Run actions/checkout@v4	2026-06-12T00:15:12.1266231Z   submodules: false
arm64 runner smoke	Run actions/checkout@v4	2026-06-12T00:15:12.1267061Z   set-safe-directory: true
arm64 runner smoke	Run actions/checkout@v4	2026-06-12T00:15:12.1267805Z ##[endgroup]
arm64 runner smoke	Run actions/checkout@v4	2026-06-12T00:15:12.6490287Z Syncing repository: jethac/dgx-spark-hijinks
arm64 runner smoke	Run actions/checkout@v4	2026-06-12T00:15:12.6497244Z ##[group]Getting Git version info
arm64 runner smoke	Run actions/checkout@v4	2026-06-12T00:15:12.6500906Z Working directory is '/home/runner/work/dgx-spark-hijinks/dgx-spark-hijinks'
arm64 runner smoke	Run actions/checkout@v4	2026-06-12T00:15:12.6506854Z [command]/usr/bin/git version
arm64 runner smoke	Run actions/checkout@v4	2026-06-12T00:15:12.6922319Z git version 2.54.0
arm64 runner smoke	Run actions/checkout@v4	2026-06-12T00:15:12.7007526Z ##[endgroup]
arm64 runner smoke	Run actions/checkout@v4	2026-06-12T00:15:12.7035901Z Temporarily overriding HOME='/home/runner/work/_temp/e978ef11-8be6-4568-8737-f0273f825137' before making global git config changes
arm64 runner smoke	Run actions/checkout@v4	2026-06-12T00:15:12.7047301Z Adding repository directory to the temporary git global config as a safe directory
arm64 runner smoke	Run actions/checkout@v4	2026-06-12T00:15:12.7053035Z [command]/usr/bin/git config --global --add safe.directory /home/runner/work/dgx-spark-hijinks/dgx-spark-hijinks
arm64 runner smoke	Run actions/checkout@v4	2026-06-12T00:15:12.7118932Z Deleting the contents of '/home/runner/work/dgx-spark-hijinks/dgx-spark-hijinks'
arm64 runner smoke	Run actions/checkout@v4	2026-06-12T00:15:12.7129150Z ##[group]Initializing the repository
arm64 runner smoke	Run actions/checkout@v4	2026-06-12T00:15:12.7131815Z [command]/usr/bin/git init /home/runner/work/dgx-spark-hijinks/dgx-spark-hijinks
arm64 runner smoke	Run actions/checkout@v4	2026-06-12T00:15:12.7324363Z hint: Using 'master' as the name for the initial branch. This default branch name
arm64 runner smoke	Run actions/checkout@v4	2026-06-12T00:15:12.7329224Z hint: will change to "main" in Git 3.0. To configure the initial branch name
arm64 runner smoke	Run actions/checkout@v4	2026-06-12T00:15:12.7333637Z hint: to use in all of your new repositories, which will suppress this warning,
arm64 runner smoke	Run actions/checkout@v4	2026-06-12T00:15:12.7337494Z hint: call:
arm64 runner smoke	Run actions/checkout@v4	2026-06-12T00:15:12.7339378Z hint:
arm64 runner smoke	Run actions/checkout@v4	2026-06-12T00:15:12.7341592Z hint: 	git config --global init.defaultBranch <name>
arm64 runner smoke	Run actions/checkout@v4	2026-06-12T00:15:12.7344395Z hint:
arm64 runner smoke	Run actions/checkout@v4	2026-06-12T00:15:12.7347225Z hint: Names commonly chosen instead of 'master' are 'main', 'trunk' and
arm64 runner smoke	Run actions/checkout@v4	2026-06-12T00:15:12.7351544Z hint: 'development'. The just-created branch can be renamed via this command:
arm64 runner smoke	Run actions/checkout@v4	2026-06-12T00:15:12.7355365Z hint:
arm64 runner smoke	Run actions/checkout@v4	2026-06-12T00:15:12.7357763Z hint: 	git branch -m <name>
arm64 runner smoke	Run actions/checkout@v4	2026-06-12T00:15:12.7359917Z hint:
arm64 runner smoke	Run actions/checkout@v4	2026-06-12T00:15:12.7362655Z hint: Disable this message with "git config set advice.defaultBranchName false"
arm64 runner smoke	Run actions/checkout@v4	2026-06-12T00:15:12.7368041Z Initialized empty Git repository in /home/runner/work/dgx-spark-hijinks/dgx-spark-hijinks/.git/
arm64 runner smoke	Run actions/checkout@v4	2026-06-12T00:15:12.7373958Z [command]/usr/bin/git remote add origin https://github.com/jethac/dgx-spark-hijinks
arm64 runner smoke	Run actions/checkout@v4	2026-06-12T00:15:12.7481629Z ##[endgroup]
arm64 runner smoke	Run actions/checkout@v4	2026-06-12T00:15:12.7485916Z ##[group]Disabling automatic garbage collection
arm64 runner smoke	Run actions/checkout@v4	2026-06-12T00:15:12.7490728Z [command]/usr/bin/git config --local gc.auto 0
arm64 runner smoke	Run actions/checkout@v4	2026-06-12T00:15:12.7550757Z ##[endgroup]
arm64 runner smoke	Run actions/checkout@v4	2026-06-12T00:15:12.7558252Z ##[group]Setting up auth
arm64 runner smoke	Run actions/checkout@v4	2026-06-12T00:15:12.7564426Z [command]/usr/bin/git config --local --name-only --get-regexp core\.sshCommand
arm64 runner smoke	Run actions/checkout@v4	2026-06-12T00:15:12.7609269Z [command]/usr/bin/git submodule foreach --recursive sh -c "git config --local --name-only --get-regexp 'core\.sshCommand' && git config --local --unset-all 'core.sshCommand' || :"
arm64 runner smoke	Run actions/checkout@v4	2026-06-12T00:15:12.8720378Z [command]/usr/bin/git config --local --name-only --get-regexp http\.https\:\/\/github\.com\/\.extraheader
arm64 runner smoke	Run actions/checkout@v4	2026-06-12T00:15:12.8780088Z [command]/usr/bin/git submodule foreach --recursive sh -c "git config --local --name-only --get-regexp 'http\.https\:\/\/github\.com\/\.extraheader' && git config --local --unset-all 'http.https://github.com/.extraheader' || :"
arm64 runner smoke	Run actions/checkout@v4	2026-06-12T00:15:12.9122076Z [command]/usr/bin/git config --local --name-only --get-regexp ^includeIf\.gitdir:
arm64 runner smoke	Run actions/checkout@v4	2026-06-12T00:15:12.9167358Z [command]/usr/bin/git submodule foreach --recursive git config --local --show-origin --name-only --get-regexp remote.origin.url
arm64 runner smoke	Run actions/checkout@v4	2026-06-12T00:15:12.9517132Z [command]/usr/bin/git config --local http.https://github.com/.extraheader AUTHORIZATION: basic ***
arm64 runner smoke	Run actions/checkout@v4	2026-06-12T00:15:12.9596934Z ##[endgroup]
arm64 runner smoke	Run actions/checkout@v4	2026-06-12T00:15:12.9598501Z ##[group]Fetching the repository
arm64 runner smoke	Run actions/checkout@v4	2026-06-12T00:15:12.9609526Z [command]/usr/bin/git -c protocol.version=2 fetch --no-tags --prune --no-recurse-submodules --depth=1 origin +96b709c371c4f7ad189ae45294c56591f9cf8820:refs/remotes/origin/epoch2
arm64 runner smoke	Run actions/checkout@v4	2026-06-12T00:15:14.1663148Z From https://github.com/jethac/dgx-spark-hijinks
arm64 runner smoke	Run actions/checkout@v4	2026-06-12T00:15:14.1669844Z  * [new ref]         96b709c371c4f7ad189ae45294c56591f9cf8820 -> origin/epoch2
arm64 runner smoke	Run actions/checkout@v4	2026-06-12T00:15:14.1757731Z ##[endgroup]
arm64 runner smoke	Run actions/checkout@v4	2026-06-12T00:15:14.1765565Z ##[group]Determining the checkout info
arm64 runner smoke	Run actions/checkout@v4	2026-06-12T00:15:14.1766904Z ##[endgroup]
arm64 runner smoke	Run actions/checkout@v4	2026-06-12T00:15:14.1767806Z [command]/usr/bin/git sparse-checkout disable
arm64 runner smoke	Run actions/checkout@v4	2026-06-12T00:15:14.1810859Z [command]/usr/bin/git config --local --unset-all extensions.worktreeConfig
arm64 runner smoke	Run actions/checkout@v4	2026-06-12T00:15:14.1842514Z ##[group]Checking out the ref
arm64 runner smoke	Run actions/checkout@v4	2026-06-12T00:15:14.1850418Z [command]/usr/bin/git checkout --progress --force -B epoch2 refs/remotes/origin/epoch2
arm64 runner smoke	Run actions/checkout@v4	2026-06-12T00:15:14.4585363Z Switched to a new branch 'epoch2'
arm64 runner smoke	Run actions/checkout@v4	2026-06-12T00:15:14.4586093Z branch 'epoch2' set up to track 'origin/epoch2'.
arm64 runner smoke	Run actions/checkout@v4	2026-06-12T00:15:14.4618771Z ##[endgroup]
arm64 runner smoke	Run actions/checkout@v4	2026-06-12T00:15:14.4683526Z [command]/usr/bin/git log -1 --format=%H
arm64 runner smoke	Run actions/checkout@v4	2026-06-12T00:15:14.4719123Z 96b709c371c4f7ad189ae45294c56591f9cf8820
arm64 runner smoke	Runner inventory	﻿2026-06-12T00:15:14.4997923Z ##[group]Run set -euxo pipefail
arm64 runner smoke	Runner inventory	2026-06-12T00:15:14.4998594Z ^[[36;1mset -euxo pipefail^[[0m
arm64 runner smoke	Runner inventory	2026-06-12T00:15:14.4998969Z ^[[36;1muname -a^[[0m
arm64 runner smoke	Runner inventory	2026-06-12T00:15:14.4999293Z ^[[36;1mlscpu | sed -n '1,20p'^[[0m
arm64 runner smoke	Runner inventory	2026-06-12T00:15:14.4999651Z ^[[36;1mnproc^[[0m
arm64 runner smoke	Runner inventory	2026-06-12T00:15:14.4999946Z ^[[36;1mfree -h^[[0m
arm64 runner smoke	Runner inventory	2026-06-12T00:15:14.5021011Z ^[[36;1mdf -h /^[[0m
arm64 runner smoke	Runner inventory	2026-06-12T00:15:14.5087306Z shell: /usr/bin/bash -e {0}
arm64 runner smoke	Runner inventory	2026-06-12T00:15:14.5087751Z ##[endgroup]
arm64 runner smoke	Runner inventory	2026-06-12T00:15:14.5205942Z + uname -a
arm64 runner smoke	Runner inventory	2026-06-12T00:15:14.5215128Z Linux vmdjfbnq 6.17.0-1013-azure #13~24.04.1-Ubuntu SMP Wed Apr 15 17:07:43 UTC 2026 aarch64 aarch64 aarch64 GNU/Linux
arm64 runner smoke	Runner inventory	2026-06-12T00:15:14.5217473Z + sed -n 1,20p
arm64 runner smoke	Runner inventory	2026-06-12T00:15:14.5218295Z + lscpu
arm64 runner smoke	Runner inventory	2026-06-12T00:15:14.5260258Z Architecture:                            aarch64
arm64 runner smoke	Runner inventory	2026-06-12T00:15:14.5261000Z CPU op-mode(s):                          32-bit, 64-bit
arm64 runner smoke	Runner inventory	2026-06-12T00:15:14.5261633Z Byte Order:                              Little Endian
arm64 runner smoke	Runner inventory	2026-06-12T00:15:14.5262231Z CPU(s):                                  8
arm64 runner smoke	Runner inventory	2026-06-12T00:15:14.5262798Z On-line CPU(s) list:                     0-7
arm64 runner smoke	Runner inventory	2026-06-12T00:15:14.5263314Z Vendor ID:                               ARM
arm64 runner smoke	Runner inventory	2026-06-12T00:15:14.5263852Z Model name:                              Neoverse-N1
arm64 runner smoke	Runner inventory	2026-06-12T00:15:14.5264384Z Model:                                   1
arm64 runner smoke	Runner inventory	2026-06-12T00:15:14.5265003Z Thread(s) per core:                      1
arm64 runner smoke	Runner inventory	2026-06-12T00:15:14.5265545Z Core(s) per socket:                      8
arm64 runner smoke	Runner inventory	2026-06-12T00:15:14.5266035Z Socket(s):                               1
arm64 runner smoke	Runner inventory	2026-06-12T00:15:14.5266698Z Stepping:                                r3p1
arm64 runner smoke	Runner inventory	2026-06-12T00:15:14.5267274Z BogoMIPS:                                50.00
arm64 runner smoke	Runner inventory	2026-06-12T00:15:14.5267811Z + nproc
arm64 runner smoke	Runner inventory	2026-06-12T00:15:14.5268613Z Flags:                                   fp asimd evtstrm aes pmull sha1 sha2 crc32 atomics fphp asimdhp cpuid asimdrdm lrcpc dcpop asimddp
arm64 runner smoke	Runner inventory	2026-06-12T00:15:14.5269600Z NUMA node(s):                            1
arm64 runner smoke	Runner inventory	2026-06-12T00:15:14.5270098Z NUMA node0 CPU(s):                       0-7
arm64 runner smoke	Runner inventory	2026-06-12T00:15:14.5270697Z Vulnerability Gather data sampling:      Not affected
arm64 runner smoke	Runner inventory	2026-06-12T00:15:14.5271345Z Vulnerability Ghostwrite:                Not affected
arm64 runner smoke	Runner inventory	2026-06-12T00:15:14.5271982Z Vulnerability Indirect target selection: Not affected
arm64 runner smoke	Runner inventory	2026-06-12T00:15:14.5272619Z Vulnerability Itlb multihit:             Not affected
arm64 runner smoke	Runner inventory	2026-06-12T00:15:14.5292943Z 8
arm64 runner smoke	Runner inventory	2026-06-12T00:15:14.5294403Z + free -h
arm64 runner smoke	Runner inventory	2026-06-12T00:15:14.5355873Z                total        used        free      shared  buff/cache   available
arm64 runner smoke	Runner inventory	2026-06-12T00:15:14.5357862Z Mem:            24Gi       733Mi        23Gi        43Mi       811Mi        23Gi
arm64 runner smoke	Runner inventory	2026-06-12T00:15:14.5359387Z Swap:          4.0Gi          0B       4.0Gi
arm64 runner smoke	Runner inventory	2026-06-12T00:15:14.5377890Z + df -h /
arm64 runner smoke	Runner inventory	2026-06-12T00:15:14.5396583Z Filesystem      Size  Used Avail Use% Mounted on
arm64 runner smoke	Runner inventory	2026-06-12T00:15:14.5397510Z /dev/vda1       193G   34G  159G  18% /
arm64 runner smoke	Post Run actions/checkout@v4	﻿2026-06-12T00:15:14.5541342Z Post job cleanup.
arm64 runner smoke	Post Run actions/checkout@v4	2026-06-12T00:15:14.6786678Z [command]/usr/bin/git version
arm64 runner smoke	Post Run actions/checkout@v4	2026-06-12T00:15:14.6834761Z git version 2.54.0
arm64 runner smoke	Post Run actions/checkout@v4	2026-06-12T00:15:14.6895969Z Temporarily overriding HOME='/home/runner/work/_temp/772b1698-c6e6-4fcf-b3f5-954a6addd913' before making global git config changes
arm64 runner smoke	Post Run actions/checkout@v4	2026-06-12T00:15:14.6898435Z Adding repository directory to the temporary git global config as a safe directory
arm64 runner smoke	Post Run actions/checkout@v4	2026-06-12T00:15:14.6904668Z [command]/usr/bin/git config --global --add safe.directory /home/runner/work/dgx-spark-hijinks/dgx-spark-hijinks
arm64 runner smoke	Post Run actions/checkout@v4	2026-06-12T00:15:14.6970063Z [command]/usr/bin/git config --local --name-only --get-regexp core\.sshCommand
arm64 runner smoke	Post Run actions/checkout@v4	2026-06-12T00:15:14.7039252Z [command]/usr/bin/git submodule foreach --recursive sh -c "git config --local --name-only --get-regexp 'core\.sshCommand' && git config --local --unset-all 'core.sshCommand' || :"
arm64 runner smoke	Post Run actions/checkout@v4	2026-06-12T00:15:14.7392407Z [command]/usr/bin/git config --local --name-only --get-regexp http\.https\:\/\/github\.com\/\.extraheader
arm64 runner smoke	Post Run actions/checkout@v4	2026-06-12T00:15:14.7429153Z http.https://github.com/.extraheader
arm64 runner smoke	Post Run actions/checkout@v4	2026-06-12T00:15:14.7449588Z [command]/usr/bin/git config --local --unset-all http.https://github.com/.extraheader
arm64 runner smoke	Post Run actions/checkout@v4	2026-06-12T00:15:14.7493713Z [command]/usr/bin/git submodule foreach --recursive sh -c "git config --local --name-only --get-regexp 'http\.https\:\/\/github\.com\/\.extraheader' && git config --local --unset-all 'http.https://github.com/.extraheader' || :"
arm64 runner smoke	Post Run actions/checkout@v4	2026-06-12T00:15:14.7874079Z [command]/usr/bin/git config --local --name-only --get-regexp ^includeIf\.gitdir:
arm64 runner smoke	Post Run actions/checkout@v4	2026-06-12T00:15:14.7927312Z [command]/usr/bin/git submodule foreach --recursive git config --local --show-origin --name-only --get-regexp remote.origin.url
arm64 runner smoke	Complete runner	﻿2026-06-12T00:15:14.8415740Z A job completed hook has been configured by the self-hosted runner administrator
arm64 runner smoke	Complete runner	2026-06-12T00:15:14.8566631Z ##[group]Run '/home/runner/actions-runner/complete-hook.sh'
arm64 runner smoke	Complete runner	2026-06-12T00:15:14.8626188Z shell: /usr/bin/bash --noprofile --norc -e -o pipefail {0}
arm64 runner smoke	Complete runner	2026-06-12T00:15:14.8626899Z ##[endgroup]
arm64 runner smoke	Complete job	﻿2026-06-12T00:15:14.8816858Z Cleaning up orphan processes
arm64 runner smoke	Complete job	2026-06-12T00:15:14.9442613Z ##[warning]Node.js 20 actions are deprecated. The following actions are running on Node.js 20 and may not work as expected: actions/checkout@v4. Actions will be forced to run with Node.js 24 by default starting June 16th, 2026. Node.js 20 will be removed from the runner on September 16th, 2026. Please check if updated versions of these actions are available that support Node.js 24. To opt into Node.js 24 now, set the FORCE_JAVASCRIPT_ACTIONS_TO_NODE24=true environment variable on the runner or in your workflow file. Once Node.js 24 becomes the default, you can temporarily opt out by setting ACTIONS_ALLOW_USE_UNSECURE_NODE_VERSION=true. For more information see: https://github.blog/changelog/2025-09-19-deprecation-of-node-20-on-github-actions-runners/
