run_id=sglang_12b_chunked_merge_diag_20260614T112106JST
repo_root=/home/jethac/spark_tmp/dgx-spark-hijinks-sglang-diag-20260614T111623JST
image=ghcr.io/jethac/dgx-spark-hijinks/sglang-gemma4-source-stack@sha256:0bacd437f9917928a9bd7ba0dafbb37516f8e05b4b9727bbff796556c2cc7714
image_digest=ghcr.io/jethac/dgx-spark-hijinks/sglang-gemma4-source-stack@sha256:0bacd437f9917928a9bd7ba0dafbb37516f8e05b4b9727bbff796556c2cc7714
models=google/gemma-4-12B-it
row_labels=fullnvfp4
mem_fraction_static=0.72
page_size=1
context_length=8192
ctx_list=8185
chat_timeout_s=120
request_timeout_s=1800
ppl_timeout_s=1800
allow_known_blocked_sglang_ar_ladder=1
sglang_ar_ladder_override_reason=mail 0140 scoped chunked-prefill diagnostic --chunked-prefill-size 2048 not claim-grade
sglang_ar_server_extra_args=--chunked-prefill-size 2048
sglang_allow_retracted_global_scale_diagnostic=0
sglang_ar_claim_audit_strict=0
sglang_ar_claim_audit_max_delta_nats=0.25
blocker_audit=/home/jethac/spark_tmp/dgx-spark-hijinks-sglang-diag-20260614T111623JST/results/sglang_12b_chunked_merge_diag_20260614T112106JST/blocker_audit.json
started_at=2026-06-14T11:21:07+09:00
5e38057d05c7b784c6759a73d16c9a074ed3d1a5
["ghcr.io/jethac/dgx-spark-hijinks/sglang-gemma4-source-stack@sha256:0bacd437f9917928a9bd7ba0dafbb37516f8e05b4b9727bbff796556c2cc7714"]
               total        used        free      shared  buff/cache   available
Mem:           119Gi       5.0Gi        63Gi        21Mi        52Gi       114Gi
Swap:           15Gi       499Mi        15Gi
