{
  "all_ok": false,
  "checks": [
    {
      "answer_ok": true,
      "answer_rule": "contains Tokyo",
      "non_empty": true,
      "prompt_id": "capital_japan_direct",
      "stable": true,
      "texts": [
        "The capital of Japan is **Tokyo**.",
        "The capital of Japan is **Tokyo**."
      ]
    },
    {
      "answer_ok": true,
      "answer_rule": "contains standalone 4",
      "non_empty": true,
      "prompt_id": "arithmetic_2_plus_2_direct",
      "stable": true,
      "texts": [
        "2 + 2 = 4",
        "2 + 2 = 4"
      ]
    },
    {
      "answer_ok": true,
      "answer_rule": "mentions local/desktop/development AI use",
      "non_empty": true,
      "prompt_id": "dgx_spark_use",
      "stable": false,
      "texts": [
        "The NVIDIA DGX Spark desktop is used for developing, testing, and deploying AI models and machine learning workflows in a compact, desktop-grade form factor.",
        "The NVIDIA DGX Spark is designed for high-performance local AI development, machine learning prototyping, and data science workflows in a desktop-class form factor."
      ]
    }
  ]
}
