{
  "created_unix": 1780893178.1804879,
  "inputs": {
    "allow_family_targets": [],
    "logs": [
      "results/llamacpp_native_loglikelihood_20260608T1331JST_server.log"
    ]
  },
  "logs": [
    {
      "accepted_spark_target_evidence": true,
      "allowed_family_targets": [],
      "evidence": [
        {
          "kind": "spark_target",
          "line": "0.00.343.500 I system_info: n_threads = 20 (n_threads_batch = 20) / 20 | CUDA : ARCHS = 1210 | USE_GRAPHS = 1 | PEER_MAX_BATCH_SIZE = 128 | BLACKWELL_NATIVE_FP4 = 1 | CPU : NEON = 1 | ARM_FMA = 1 | LLAMAFILE = 1 | OPENMP = 1 | REPACK = 1 | ",
          "line_no": 5,
          "token": "CUDA : ARCHS = 1210"
        }
      ],
      "exists": true,
      "findings": [
        "OK: log contains Spark sm_121 target evidence."
      ],
      "has_native_fp4_target": false,
      "has_spark_target": true,
      "path": "results/llamacpp_native_loglikelihood_20260608T1331JST_server.log",
      "unallowed_family_targets": []
    }
  ],
  "schema": "cuda-build-target-audit/v1",
  "summary": {
    "accepted_log_count": 1,
    "log_count": 1,
    "missing_or_unaccepted_count": 0,
    "native_fp4_log_count": 0
  }
}
