{
  "output": "/home/jethac/spark_tmp/dgx-spark-hijinks-sglang-live/results/sglang_gemma4_12b_ar_matched_bf16_fullnvfp4_ctx8185_prefix4096_20260613T153712JST/ppl_corpus.md",
  "actual_chars": 249998
}
run_id=sglang_gemma4_12b_ar_matched_bf16_fullnvfp4_ctx8185_prefix4096_20260613T153712JST
repo_root=/home/jethac/spark_tmp/dgx-spark-hijinks-sglang-live
image=ghcr.io/jethac/dgx-spark-hijinks/sglang-gemma4-source-stack@sha256:0d5e160cf83db43e1e024a8300ed2858b426b4a0f38289210dc51d8c7b6def94
image_digest=ghcr.io/jethac/dgx-spark-hijinks/sglang-gemma4-source-stack@sha256:0d5e160cf83db43e1e024a8300ed2858b426b4a0f38289210dc51d8c7b6def94
models=google/gemma-4-12B-it
row_labels=bf16 fullnvfp4
mem_fraction_static=0.72
page_size=1
context_length=8192
ctx_list=8185
chat_timeout_s=120
request_timeout_s=1800
ppl_timeout_s=3600
started_at=2026-06-13T15:37:12+09:00
5c2947e2c11ad55fcd1a7be7a34af9d2a2b2d2b8
["ghcr.io/jethac/dgx-spark-hijinks/sglang-gemma4-source-stack@sha256:0d5e160cf83db43e1e024a8300ed2858b426b4a0f38289210dc51d8c7b6def94"]
               total        used        free      shared  buff/cache   available
Mem:           119Gi       3.9Gi        86Gi        12Mi        29Gi       115Gi
Swap:           15Gi       490Mi        15Gi
{
  "candidate_report": "/home/jethac/spark_tmp/dgx-spark-hijinks-sglang-live/results/sglang_gemma4_12b_ar_matched_bf16_fullnvfp4_ctx8185_prefix4096_20260613T153712JST/google-gemma-4-12b-it/fullnvfp4_ppl.json",
  "elapsed_s": 0.0,
  "fp8_report": "/home/jethac/spark_tmp/dgx-spark-hijinks-sglang-live/results/sglang_gemma4_12b_ar_matched_bf16_fullnvfp4_ctx8185_prefix4096_20260613T153712JST/google-gemma-4-12b-it/bf16_ppl.json",
  "ok": true,
  "rows": [
    {
      "candidate_ok": true,
      "ctx": 8185,
      "delta_nats_per_token": 0.4029692160381897,
      "delta_ppl": 48.00648948143886,
      "fp8_ok": true,
      "nats_per_token_candidate": 4.974959038640488,
      "nats_per_token_fp8": 4.571989822602299,
      "ppl_candidate": 144.74289616094566,
      "ppl_fp8": 96.7364066795068
    }
  ],
  "schema": "sglang-prompt-ppl-comparison/v1"
}
{
  "image": "ghcr.io/jethac/dgx-spark-hijinks/sglang-gemma4-source-stack@sha256:0d5e160cf83db43e1e024a8300ed2858b426b4a0f38289210dc51d8c7b6def94",
  "image_digest": "ghcr.io/jethac/dgx-spark-hijinks/sglang-gemma4-source-stack@sha256:0d5e160cf83db43e1e024a8300ed2858b426b4a0f38289210dc51d8c7b6def94",
  "models": [
    "google/gemma-4-12B-it"
  ],
  "row_labels": [
    "bf16",
    "fullnvfp4"
  ],
  "rows": [
    {
      "bf16": {
        "chat_1": "Tokyo",
        "chat_2": "Tokyo",
        "chat_bitwise_equal": false,
        "chat_content_equal": true,
        "chat_tokyo": true,
        "chat_transport_ok": true,
        "kv_cache_dtype": "auto",
        "label": "bf16",
        "mixed_kv": false,
        "model": "google/gemma-4-12B-it",
        "ppl_ok": true,
        "ppl_rows": null
      },
      "compare_bf16_vs_fullnvfp4": {
        "candidate_report": "/home/jethac/spark_tmp/dgx-spark-hijinks-sglang-live/results/sglang_gemma4_12b_ar_matched_bf16_fullnvfp4_ctx8185_prefix4096_20260613T153712JST/google-gemma-4-12b-it/fullnvfp4_ppl.json",
        "elapsed_s": 0.0,
        "fp8_report": "/home/jethac/spark_tmp/dgx-spark-hijinks-sglang-live/results/sglang_gemma4_12b_ar_matched_bf16_fullnvfp4_ctx8185_prefix4096_20260613T153712JST/google-gemma-4-12b-it/bf16_ppl.json",
        "ok": true,
        "rows": [
          {
            "candidate_ok": true,
            "ctx": 8185,
            "delta_nats_per_token": 0.4029692160381897,
            "delta_ppl": 48.00648948143886,
            "fp8_ok": true,
            "nats_per_token_candidate": 4.974959038640488,
            "nats_per_token_fp8": 4.571989822602299,
            "ppl_candidate": 144.74289616094566,
            "ppl_fp8": 96.7364066795068
          }
        ],
        "schema": "sglang-prompt-ppl-comparison/v1"
      },
      "compare_fp8_vs_fullnvfp4": null,
      "dir": "/home/jethac/spark_tmp/dgx-spark-hijinks-sglang-live/results/sglang_gemma4_12b_ar_matched_bf16_fullnvfp4_ctx8185_prefix4096_20260613T153712JST/google-gemma-4-12b-it",
      "fp8": null,
      "fullnvfp4": {
        "chat_1": "Tokyo",
        "chat_2": "Tokyo",
        "chat_bitwise_equal": false,
        "chat_content_equal": true,
        "chat_tokyo": true,
        "chat_transport_ok": true,
        "kv_cache_dtype": "fp4_e2m1",
        "label": "fullnvfp4",
        "mixed_kv": false,
        "model": "google/gemma-4-12B-it",
        "ppl_ok": true,
        "ppl_rows": null
      },
      "model": "google/gemma-4-12B-it"
    }
  ],
  "run_id": "sglang_gemma4_12b_ar_matched_bf16_fullnvfp4_ctx8185_prefix4096_20260613T153712JST",
  "schema": "sglang-gemma4-ar-ladder-pair/v1",
  "scope": "SGLang Gemma 4 AR ladder; selected row labels from ROW_LABELS; graphs disabled; one server at a time"
}
