{
  "output": "/home/jethac/spark_tmp/dgx-spark-hijinks-sglang-live/results/sglang_gemma4_12b_ar_matched_bf16_mixedkv_ctx8185_prefix4096_20260613T161243JST/ppl_corpus.md",
  "actual_chars": 249998
}
run_id=sglang_gemma4_12b_ar_matched_bf16_mixedkv_ctx8185_prefix4096_20260613T161243JST
repo_root=/home/jethac/spark_tmp/dgx-spark-hijinks-sglang-live
image=ghcr.io/jethac/dgx-spark-hijinks/sglang-gemma4-source-stack@sha256:0d5e160cf83db43e1e024a8300ed2858b426b4a0f38289210dc51d8c7b6def94
image_digest=ghcr.io/jethac/dgx-spark-hijinks/sglang-gemma4-source-stack@sha256:0d5e160cf83db43e1e024a8300ed2858b426b4a0f38289210dc51d8c7b6def94
models=google/gemma-4-12B-it
row_labels=bf16 mixedkv
mem_fraction_static=0.72
page_size=1
context_length=8192
ctx_list=8185
chat_timeout_s=120
request_timeout_s=1800
ppl_timeout_s=3600
started_at=2026-06-13T16:12:43+09:00
f18ea1ded54b841101a0ba6c9bdb7d61f79fd60e
["ghcr.io/jethac/dgx-spark-hijinks/sglang-gemma4-source-stack@sha256:0d5e160cf83db43e1e024a8300ed2858b426b4a0f38289210dc51d8c7b6def94"]
               total        used        free      shared  buff/cache   available
Mem:           119Gi       3.9Gi       102Gi        12Mi        14Gi       115Gi
Swap:           15Gi       498Mi        15Gi
curl: (28) Operation timed out after 120002 milliseconds with 0 bytes received
curl: (28) Operation timed out after 120002 milliseconds with 0 bytes received
{
  "image": "ghcr.io/jethac/dgx-spark-hijinks/sglang-gemma4-source-stack@sha256:0d5e160cf83db43e1e024a8300ed2858b426b4a0f38289210dc51d8c7b6def94",
  "image_digest": "ghcr.io/jethac/dgx-spark-hijinks/sglang-gemma4-source-stack@sha256:0d5e160cf83db43e1e024a8300ed2858b426b4a0f38289210dc51d8c7b6def94",
  "models": [
    "google/gemma-4-12B-it"
  ],
  "row_labels": [
    "bf16",
    "mixedkv"
  ],
  "rows": [
    {
      "bf16": {
        "chat_1": "Tokyo",
        "chat_2": "Tokyo",
        "chat_bitwise_equal": false,
        "chat_content_equal": true,
        "chat_tokyo": true,
        "chat_transport_ok": true,
        "kv_cache_dtype": "auto",
        "label": "bf16",
        "mixed_kv": false,
        "model": "google/gemma-4-12B-it",
        "ppl_ok": true,
        "ppl_rows": null
      },
      "compare_bf16_vs_fullnvfp4": null,
      "compare_bf16_vs_mixedkv": null,
      "compare_fp8_vs_fullnvfp4": null,
      "dir": "/home/jethac/spark_tmp/dgx-spark-hijinks-sglang-live/results/sglang_gemma4_12b_ar_matched_bf16_mixedkv_ctx8185_prefix4096_20260613T161243JST/google-gemma-4-12b-it",
      "fp8": null,
      "fullnvfp4": null,
      "mixedkv": null,
      "model": "google/gemma-4-12B-it"
    }
  ],
  "run_id": "sglang_gemma4_12b_ar_matched_bf16_mixedkv_ctx8185_prefix4096_20260613T161243JST",
  "schema": "sglang-gemma4-ar-ladder-pair/v1",
  "scope": "SGLang Gemma 4 AR ladder; selected row labels from ROW_LABELS; graphs disabled; one server at a time"
}
