-- The C compiler identification is GNU 13.3.0
-- The CXX compiler identification is GNU 13.3.0
-- Detecting C compiler ABI info
-- Detecting C compiler ABI info - done
-- Check for working C compiler: /usr/bin/cc - skipped
-- Detecting C compile features
-- Detecting C compile features - done
-- Detecting CXX compiler ABI info
-- Detecting CXX compiler ABI info - done
-- Check for working CXX compiler: /usr/bin/c++ - skipped
-- Detecting CXX compile features
-- Detecting CXX compile features - done
CMAKE_BUILD_TYPE=Release
-- Found Git: /usr/bin/git (found version "2.43.0")
-- The ASM compiler identification is GNU
-- Found assembler: /usr/bin/cc
-- Performing Test CMAKE_HAVE_LIBC_PTHREAD
-- Performing Test CMAKE_HAVE_LIBC_PTHREAD - Success
-- Found Threads: TRUE
-- Warning: ccache not found - consider installing it for faster compilation or disable this warning with GGML_CCACHE=OFF
-- CMAKE_SYSTEM_PROCESSOR: aarch64
-- GGML_SYSTEM_ARCH: ARM
-- Found OpenMP_C: -fopenmp (found version "4.5")
-- Found OpenMP_CXX: -fopenmp (found version "4.5")
-- Found OpenMP: TRUE (found version "4.5")
-- Including CPU backend
-- ARM detected
-- Performing Test GGML_COMPILER_SUPPORTS_FP16_FORMAT_I3E
-- Performing Test GGML_COMPILER_SUPPORTS_FP16_FORMAT_I3E - Failed
CMake Warning at ggml/src/ggml-cpu/CMakeLists.txt:138 (message):
  ARM -march/-mcpu not found, -mcpu=native will be used
Call Stack (most recent call first):
  ggml/src/CMakeLists.txt:463 (ggml_add_cpu_backend_variant_impl)


-- Performing Test GGML_MACHINE_SUPPORTS_dotprod
-- Performing Test GGML_MACHINE_SUPPORTS_dotprod - Failed
-- Performing Test GGML_MACHINE_SUPPORTS_nodotprod
-- Performing Test GGML_MACHINE_SUPPORTS_nodotprod - Failed
-- Performing Test GGML_MACHINE_SUPPORTS_i8mm
-- Performing Test GGML_MACHINE_SUPPORTS_i8mm - Failed
-- Performing Test GGML_MACHINE_SUPPORTS_noi8mm
-- Performing Test GGML_MACHINE_SUPPORTS_noi8mm - Failed
-- Performing Test GGML_MACHINE_SUPPORTS_sve
-- Performing Test GGML_MACHINE_SUPPORTS_sve - Failed
-- Performing Test GGML_MACHINE_SUPPORTS_nosve
-- Performing Test GGML_MACHINE_SUPPORTS_nosve - Failed
-- Performing Test GGML_MACHINE_SUPPORTS_sme
-- Performing Test GGML_MACHINE_SUPPORTS_sme - Failed
-- Performing Test GGML_MACHINE_SUPPORTS_nosme
-- Performing Test GGML_MACHINE_SUPPORTS_nosme - Failed
-- Checking for ARM features using flags:
--   -mcpu=native
-- Performing Test HAVE_DOTPROD
-- Performing Test HAVE_DOTPROD - Failed
-- Performing Test HAVE_SVE
-- Performing Test HAVE_SVE - Failed
-- Performing Test HAVE_MATMUL_INT8
-- Performing Test HAVE_MATMUL_INT8 - Failed
-- Performing Test HAVE_FMA
-- Performing Test HAVE_FMA - Success
-- Performing Test HAVE_FP16_VECTOR_ARITHMETIC
-- Performing Test HAVE_FP16_VECTOR_ARITHMETIC - Failed
-- Performing Test HAVE_SME
-- Performing Test HAVE_SME - Failed
-- Adding CPU backend variant ggml-cpu: -mcpu=native
-- Found CUDAToolkit: /usr/local/cuda-13.0/targets/sbsa-linux/include (found version "13.0.88")
-- CUDA Toolkit found
CMake Error at /usr/share/cmake-3.28/Modules/Internal/CMakeCUDAArchitecturesValidate.cmake:9 (message):
  CMAKE_CUDA_ARCHITECTURES:

    120f

  is not one of the following:

    * a semicolon-separated list of integers, each optionally
      followed by '-real' or '-virtual'
    * a special value: all, all-major, native

Call Stack (most recent call first):
  /usr/share/cmake-3.28/Modules/CMakeDetermineCUDACompiler.cmake:116 (cmake_cuda_architectures_validate)
  ggml/src/ggml-cuda/CMakeLists.txt:59 (enable_language)


-- Configuring incomplete, errors occurred!
